<?xml version="1.0" encoding="UTF-8"?>
<testng-results skipped="0" failed="1" total="1" passed="0">
  <reporter-output>
  </reporter-output>
  <suite name="Surefire suite" duration-ms="10210" started-at="2019-06-11T20:15:52Z" finished-at="2019-06-11T20:16:02Z">
    <groups>
    </groups>
    <test name="Surefire test" duration-ms="10210" started-at="2019-06-11T20:15:52Z" finished-at="2019-06-11T20:16:02Z">
      <class name="tests.FirstTest">
        <test-method status="PASS" signature="PrepareBrowser()" name="PrepareBrowser" is-config="true" duration-ms="5070" started-at="2019-06-11T20:15:47Z" finished-at="2019-06-11T20:15:52Z">
        </test-method>
        <test-method status="PASS" signature="InitializeHomePage()" name="InitializeHomePage" is-config="true" duration-ms="2091" started-at="2019-06-11T20:15:52Z" finished-at="2019-06-11T20:15:54Z">
        </test-method>
        <test-method status="FAIL" signature="TestGoogleSearchEngine()" name="TestGoogleSearchEngine" duration-ms="8100" started-at="2019-06-11T20:15:54Z" finished-at="2019-06-11T20:16:02Z">
          <exception class="java.lang.AssertionError">
            <message>
              <![CDATA[DOWNLOADING WAS NOT COMPLETED CORRECTLY]]>
            </message>
            <full-stacktrace>
              <![CDATA[java.lang.AssertionError: DOWNLOADING WAS NOT COMPLETED CORRECTLY
	at pages.BasePage.determineIfFileIsDownloaded(BasePage.java:130)
	at tests.FirstTest.TestGoogleSearchEngine(FirstTest.java:39)
	at sun.reflect.NativeMethodAccessorImpl.invoke0(Native Method)
	at sun.reflect.NativeMethodAccessorImpl.invoke(NativeMethodAccessorImpl.java:62)
	at sun.reflect.DelegatingMethodAccessorImpl.invoke(DelegatingMethodAccessorImpl.java:43)
	at java.lang.reflect.Method.invoke(Method.java:498)
	at org.testng.internal.MethodInvocationHelper.invokeMethod(MethodInvocationHelper.java:80)
	at org.testng.internal.Invoker.invokeMethod(Invoker.java:673)
	at org.testng.internal.Invoker.invokeTestMethod(Invoker.java:842)
	at org.testng.internal.Invoker.invokeTestMethods(Invoker.java:1166)
	at org.testng.internal.TestMethodWorker.invokeTestMethods(TestMethodWorker.java:125)
	at org.testng.internal.TestMethodWorker.run(TestMethodWorker.java:109)
	at org.testng.TestRunner.runWorkers(TestRunner.java:1178)
	at org.testng.TestRunner.privateRun(TestRunner.java:757)
	at org.testng.TestRunner.run(TestRunner.java:608)
	at org.testng.SuiteRunner.runTest(SuiteRunner.java:334)
	at org.testng.SuiteRunner.runSequentially(SuiteRunner.java:329)
	at org.testng.SuiteRunner.privateRun(SuiteRunner.java:291)
	at org.testng.SuiteRunner.run(SuiteRunner.java:240)
	at org.testng.SuiteRunnerWorker.runSuite(SuiteRunnerWorker.java:52)
	at org.testng.SuiteRunnerWorker.run(SuiteRunnerWorker.java:86)
	at org.testng.TestNG.runSuitesSequentially(TestNG.java:1158)
	at org.testng.TestNG.runSuitesLocally(TestNG.java:1083)
	at org.testng.TestNG.run(TestNG.java:999)
	at org.apache.maven.surefire.testng.TestNGExecutor.run(TestNGExecutor.java:135)
	at org.apache.maven.surefire.testng.TestNGDirectoryTestSuite.executeSingleClass(TestNGDirectoryTestSuite.java:112)
	at org.apache.maven.surefire.testng.TestNGDirectoryTestSuite.execute(TestNGDirectoryTestSuite.java:99)
	at org.apache.maven.surefire.testng.TestNGProvider.invoke(TestNGProvider.java:146)
	at org.apache.maven.surefire.booter.ForkedBooter.invokeProviderInSameClassLoader(ForkedBooter.java:384)
	at org.apache.maven.surefire.booter.ForkedBooter.runSuitesInProcess(ForkedBooter.java:345)
	at org.apache.maven.surefire.booter.ForkedBooter.execute(ForkedBooter.java:126)
	at org.apache.maven.surefire.booter.ForkedBooter.main(ForkedBooter.java:418)
]]>
            </full-stacktrace>
          </exception>
        </test-method>
        <test-method status="PASS" signature="CleanUpBrowser()" name="CleanUpBrowser" is-config="true" duration-ms="80" started-at="2019-06-11T20:16:02Z" finished-at="2019-06-11T20:16:02Z">
        </test-method>
      </class>
    </test>
  </suite>
</testng-results>
